\BOOKMARK [1][-]{section.1}{Plagiarism Declaration}{}% 1
\BOOKMARK [1][-]{section.2}{TASK CLARIFICATION}{}% 2
\BOOKMARK [2][-]{subsection.2.1}{Background}{section.2}% 3
\BOOKMARK [2][-]{subsection.2.2}{Problem Statement}{section.2}% 4
\BOOKMARK [1][-]{section.3}{DESIGN SPECIFICATION}{}% 5
\BOOKMARK [2][-]{subsection.3.1}{Scope}{section.3}% 6
\BOOKMARK [2][-]{subsection.3.2}{Applicable Documents}{section.3}% 7
\BOOKMARK [2][-]{subsection.3.3}{Characteristics}{section.3}% 8
\BOOKMARK [3][-]{subsubsection.3.3.1}{Functional Characteristics}{subsection.3.3}% 9
\BOOKMARK [3][-]{subsubsection.3.3.2}{Quality Assurance}{subsection.3.3}% 10
\BOOKMARK [3][-]{subsubsection.3.3.3}{Timescale}{subsection.3.3}% 11
\BOOKMARK [3][-]{subsubsection.3.3.4}{Economic Factors}{subsection.3.3}% 12
\BOOKMARK [3][-]{subsubsection.3.3.5}{Ergonomic Factors}{subsection.3.3}% 13
\BOOKMARK [3][-]{subsubsection.3.3.6}{Life-cycle}{subsection.3.3}% 14
\BOOKMARK [2][-]{subsection.3.4}{Acceptance Test Requirements}{section.3}% 15
\BOOKMARK [1][-]{section.4}{CONCEPTUAL DESIGN}{}% 16
\BOOKMARK [2][-]{subsection.4.1}{Design One}{section.4}% 17
\BOOKMARK [3][-]{subsubsection.4.1.1}{System Diagram}{subsection.4.1}% 18
\BOOKMARK [3][-]{subsubsection.4.1.2}{System Components}{subsection.4.1}% 19
\BOOKMARK [3][-]{subsubsection.4.1.3}{Requirement Satisfaction}{subsection.4.1}% 20
\BOOKMARK [3][-]{subsubsection.4.1.4}{Evaluation}{subsection.4.1}% 21
\BOOKMARK [3][-]{subsubsection.4.1.5}{Risk Assessment}{subsection.4.1}% 22
\BOOKMARK [2][-]{subsection.4.2}{Design Two}{section.4}% 23
\BOOKMARK [3][-]{subsubsection.4.2.1}{System Diagram}{subsection.4.2}% 24
\BOOKMARK [3][-]{subsubsection.4.2.2}{System Components}{subsection.4.2}% 25
\BOOKMARK [3][-]{subsubsection.4.2.3}{Requirement Satisfaction}{subsection.4.2}% 26
\BOOKMARK [3][-]{subsubsection.4.2.4}{Evaluation}{subsection.4.2}% 27
\BOOKMARK [3][-]{subsubsection.4.2.5}{Risk Assessment}{subsection.4.2}% 28
\BOOKMARK [2][-]{subsection.4.3}{Weighted Selection}{section.4}% 29
\BOOKMARK [2][-]{subsection.4.4}{Recommendation}{section.4}% 30
\BOOKMARK [1][-]{section.5}{EMBODIMENT DESIGN}{}% 31
\BOOKMARK [2][-]{subsection.5.1}{System Overview}{section.5}% 32
\BOOKMARK [3][-]{subsubsection.5.1.1}{System Description}{subsection.5.1}% 33
\BOOKMARK [3][-]{subsubsection.5.1.2}{System Diagram}{subsection.5.1}% 34
\BOOKMARK [2][-]{subsection.5.2}{System Analysis}{section.5}% 35
\BOOKMARK [2][-]{subsection.5.3}{Software Design}{section.5}% 36
\BOOKMARK [2][-]{subsection.5.4}{Mechanical Design}{section.5}% 37
\BOOKMARK [3][-]{subsubsection.5.4.1}{Mechanical Requirements}{subsection.5.4}% 38
\BOOKMARK [3][-]{subsubsection.5.4.2}{Technical Drawings}{subsection.5.4}% 39
\BOOKMARK [2][-]{subsection.5.5}{Electrical Design}{section.5}% 40
\BOOKMARK [3][-]{subsubsection.5.5.1}{Power Requirements}{subsection.5.5}% 41
\BOOKMARK [3][-]{subsubsection.5.5.2}{Schematics}{subsection.5.5}% 42
\BOOKMARK [2][-]{subsection.5.6}{Assumptions}{section.5}% 43
\BOOKMARK [2][-]{subsection.5.7}{Failure Modes}{section.5}% 44
\BOOKMARK [2][-]{subsection.5.8}{System Lifetime}{section.5}% 45
\BOOKMARK [2][-]{subsection.5.9}{Worst Case Calculation}{section.5}% 46
\BOOKMARK [1][-]{section*.2}{References}{}% 47
